1600003363908	geckodriver	INFO	Listening on 127.0.0.1:56228
1600003367000	mozrunner::runner	INFO	Running command: "C:\\Program Files (x86)\\Mozilla Firefox\\firefox.exe" "--marionette" "-foreground" "-no-remote" "-profile" "C:\\Users\\kagaya\\AppData\\Local\\Temp\\rust_mozprofileLjSXzs"
JavaScript error: resource://gre/modules/XULStore.jsm, line 66: Error: Can't find profile directory.
console.error: SearchCache: "_readCacheFile: Error reading cache file:" (new Error("", "(unknown module)"))
1600003381109	Marionette	INFO	Listening on port 56239
1600003383258	Marionette	WARN	TLS certificate errors will be ignored for this session
[Child 12064, Chrome_ChildThread] WARNING: pipe error: 232: file /builds/worker/checkouts/gecko/ipc/chromium/src/chrome/common/ipc_channel_win.cc, line 524
1600003436189	Marionette	INFO	Stopped listening on port 56239

###!!! [Child][RunMessage] Error: Channel closing: too late to send/recv, messages will be lost


###!!! [Child][MessageChannel::SendAndWait] Error: Channel error: cannot send/recv

1600003672806	geckodriver	INFO	Listening on 127.0.0.1:56491
1600003675820	mozrunner::runner	INFO	Running command: "C:\\Program Files (x86)\\Mozilla Firefox\\firefox.exe" "--marionette" "-foreground" "-no-remote" "-profile" "C:\\Users\\kagaya\\AppData\\Local\\Temp\\rust_mozprofileCbOlDj"
JavaScript error: resource://gre/modules/XULStore.jsm, line 66: Error: Can't find profile directory.
console.error: SearchCache: "_readCacheFile: Error reading cache file:" (new Error("", "(unknown module)"))
1600003679723	Marionette	INFO	Listening on port 56501
1600003679946	Marionette	WARN	TLS certificate errors will be ignored for this session
[Child 36716, Chrome_ChildThread] WARNING: pipe error: 232: file /builds/worker/checkouts/gecko/ipc/chromium/src/chrome/common/ipc_channel_win.cc, line 524
1600003742973	Marionette	INFO	Stopped listening on port 56501

###!!! [Child][RunMessage] Error: Channel closing: too late to send/recv, messages will be lost


###!!! [Child][MessageChannel::SendAndWait] Error: Channel error: cannot send/recv

